<?xml version="1.0" encoding="UTF-8"?>
<coverage generated="1727951372931" clover="3.2.0">
  <project timestamp="1727951372932" name="All files">
    <metrics statements="5" coveredstatements="4" conditionals="0" coveredconditionals="0" methods="3" coveredmethods="2" elements="8" coveredelements="6" complexity="0" loc="5" ncloc="5" packages="1" files="1" classes="1"/>
    <file name="calculator.js" path="/Users/apple/JestDemo/calculator.js">
      <metrics statements="5" coveredstatements="4" conditionals="0" coveredconditionals="0" methods="3" coveredmethods="2"/>
      <line num="1" count="2" type="stmt"/>
      <line num="3" count="3" type="stmt"/>
      <line num="6" count="2" type="stmt"/>
      <line num="9" count="0" type="stmt"/>
      <line num="12" count="2" type="stmt"/>
    </file>
  </project>
</coverage>
